<?xml version="1.0" encoding="UTF-8"?>
<testng-results ignored="0" total="4" passed="4" failed="0" skipped="0">
  <reporter-output>
  </reporter-output>
  <suite started-at="2024-08-07T11:32:37 IST" name="mysuite" finished-at="2024-08-07T11:32:37 IST" duration-ms="218">
    <groups>
    </groups>
    <test started-at="2024-08-07T11:32:37 IST" name="Test1" finished-at="2024-08-07T11:32:37 IST" duration-ms="78">
      <class name="day15.AnnotationsClass">
        <test-method is-config="true" signature="Login()[pri:0, instance:day15.AnnotationsClass@2d7275fc]" started-at="2024-08-07T11:32:37 IST" name="Login" finished-at="2024-08-07T11:32:37 IST" duration-ms="8" status="PASS">
          <reporter-output>
          </reporter-output>
        </test-method> <!-- Login -->
        <test-method signature="Search()[pri:1, instance:day15.AnnotationsClass@2d7275fc]" started-at="2024-08-07T11:32:37 IST" name="Search" finished-at="2024-08-07T11:32:37 IST" duration-ms="13" status="PASS">
          <reporter-output>
          </reporter-output>
        </test-method> <!-- Search -->
        <test-method signature="AdvancedSearch()[pri:2, instance:day15.AnnotationsClass@2d7275fc]" started-at="2024-08-07T11:32:37 IST" name="AdvancedSearch" finished-at="2024-08-07T11:32:37 IST" duration-ms="5" status="PASS">
          <reporter-output>
          </reporter-output>
        </test-method> <!-- AdvancedSearch -->
        <test-method is-config="true" signature="logout()[pri:0, instance:day15.AnnotationsClass@2d7275fc]" started-at="2024-08-07T11:32:37 IST" name="logout" finished-at="2024-08-07T11:32:37 IST" duration-ms="0" status="PASS">
          <reporter-output>
          </reporter-output>
        </test-method> <!-- logout -->
      </class> <!-- day15.AnnotationsClass -->
    </test> <!-- Test1 -->
    <test started-at="2024-08-07T11:32:37 IST" name="Test2" finished-at="2024-08-07T11:32:37 IST" duration-ms="19">
      <class name="day15.Annotation_Test">
        <test-method is-config="true" signature="beforeTest()[pri:0, instance:day15.Annotation_Test@4c371370]" started-at="2024-08-07T11:32:37 IST" name="beforeTest" finished-at="2024-08-07T11:32:37 IST" duration-ms="1" status="PASS">
          <reporter-output>
          </reporter-output>
        </test-method> <!-- beforeTest -->
        <test-method signature="Search()[pri:1, instance:day15.Annotation_Test@4c371370]" started-at="2024-08-07T11:32:37 IST" name="Search" finished-at="2024-08-07T11:32:37 IST" duration-ms="3" status="PASS">
          <reporter-output>
          </reporter-output>
        </test-method> <!-- Search -->
        <test-method signature="AdvancedSearch()[pri:2, instance:day15.Annotation_Test@4c371370]" started-at="2024-08-07T11:32:37 IST" name="AdvancedSearch" finished-at="2024-08-07T11:32:37 IST" duration-ms="2" status="PASS">
          <reporter-output>
          </reporter-output>
        </test-method> <!-- AdvancedSearch -->
        <test-method is-config="true" signature="afterTest()[pri:0, instance:day15.Annotation_Test@4c371370]" started-at="2024-08-07T11:32:37 IST" name="afterTest" finished-at="2024-08-07T11:32:37 IST" duration-ms="2" status="PASS">
          <reporter-output>
          </reporter-output>
        </test-method> <!-- afterTest -->
      </class> <!-- day15.Annotation_Test -->
    </test> <!-- Test2 -->
  </suite> <!-- mysuite -->
</testng-results>
