<?xml version="1.0" encoding="UTF-8"?>
<!-- Generated by org.testng.reporters.JUnitXMLReporter -->
<testsuite ignored="6" hostname="DESKTOP-8O2JDPB" failures="0" tests="3" name="Test3" time="0.085" errors="0" timestamp="2024-08-02T11:45:00 IST">
  <testcase classname="day16.GroupingTestNg" name="LoginByEmail" time="0.016"/>
  <testcase classname="day16.GroupingTestNg" name="SignUpEmail" time="0.004"/>
  <testcase classname="day16.GroupingTestNg" name="PaymentInRupees" time="0.003"/>
  <testcase classname="day16.GroupingTestNg" name="SignUpTwitter" time="0.0">
    <ignored/>
  </testcase> <!-- SignUpTwitter -->
  <testcase classname="day16.GroupingTestNg" name="LoginByTwitter" time="0.0">
    <ignored/>
  </testcase> <!-- LoginByTwitter -->
  <testcase classname="day16.GroupingTestNg" name="PaymentInDollars" time="0.0">
    <ignored/>
  </testcase> <!-- PaymentInDollars -->
  <testcase classname="day16.GroupingTestNg" name="PaymentReturnByBank" time="0.0">
    <ignored/>
  </testcase> <!-- PaymentReturnByBank -->
  <testcase classname="day16.GroupingTestNg" name="LoginByFacebook" time="0.0">
    <ignored/>
  </testcase> <!-- LoginByFacebook -->
  <testcase classname="day16.GroupingTestNg" name="SignUpFacebook" time="0.0">
    <ignored/>
  </testcase> <!-- SignUpFacebook -->
</testsuite> <!-- Test3 -->
